/opt/conda/lib/python2.7/site-packages/quast-5.0.2-py2.7.egg-info/scripts/quast.py ../../../../AMEB_2020_practical/BUSCO/Leptocotyle_minor/Lmin.contigs.fasta ../../../../AMEB_2020_practical/unused_BUSCOs/Leptocotyle_minor_consent_CANU/Lmin-consent.contigs.fasta

Version: 5.0.2

System information:
  OS: Linux-3.10.0-1062.9.1.el7.x86_64-x86_64-with-debian-10.0 (linux_64)
  Python version: 2.7.16
  CPUs number: 64

Started: 2020-07-10 20:28:04

Logging to /usr/people/EDVZ/hahnc/temp/AMEB_2020_practical/assembly-long/Lmin_assembly/quast_results/results_2020_07_10_20_28_04/quast.log
NOTICE: Maximum number of threads is set to 16 (use --threads option to set it manually)

CWD: /usr/people/EDVZ/hahnc/temp/AMEB_2020_practical/assembly-long/Lmin_assembly
Main parameters: 
  MODE: default, threads: 16, minimum contig length: 500, minimum alignment length: 65, \
  ambiguity: one, threshold for extensive misassembly size: 1000

Contigs:
  Pre-processing...
  1  ../../../../AMEB_2020_practical/BUSCO/Leptocotyle_minor/Lmin.contigs.fasta ==> Lmin.contigs
  2  ../../../../AMEB_2020_practical/unused_BUSCOs/Leptocotyle_minor_consent_CANU/Lmin-consent.contigs.fasta ==> Lmin_consent.contigs

2020-07-10 20:28:24
Running Basic statistics processor...
  Contig files: 
    1  Lmin.contigs
    2  Lmin_consent.contigs
  Calculating N50 and L50...
    1  Lmin.contigs, N50 = 8041, L50 = 2861, Total length = 73044146, GC % = 32.33, # N's per 100 kbp =  0.00
    2  Lmin_consent.contigs, N50 = 18731, L50 = 4836, Total length = 296150384, GC % = 32.57, # N's per 100 kbp =  0.00
  Drawing Nx plot...
    saved to /usr/people/EDVZ/hahnc/temp/AMEB_2020_practical/assembly-long/Lmin_assembly/quast_results/results_2020_07_10_20_28_04/basic_stats/Nx_plot.pdf
  Drawing cumulative plot...
    saved to /usr/people/EDVZ/hahnc/temp/AMEB_2020_practical/assembly-long/Lmin_assembly/quast_results/results_2020_07_10_20_28_04/basic_stats/cumulative_plot.pdf
  Drawing GC content plot...
    saved to /usr/people/EDVZ/hahnc/temp/AMEB_2020_practical/assembly-long/Lmin_assembly/quast_results/results_2020_07_10_20_28_04/basic_stats/GC_content_plot.pdf
  Drawing Lmin.contigs GC content plot...
    saved to /usr/people/EDVZ/hahnc/temp/AMEB_2020_practical/assembly-long/Lmin_assembly/quast_results/results_2020_07_10_20_28_04/basic_stats/Lmin.contigs_GC_content_plot.pdf
  Drawing Lmin_consent.contigs GC content plot...
    saved to /usr/people/EDVZ/hahnc/temp/AMEB_2020_practical/assembly-long/Lmin_assembly/quast_results/results_2020_07_10_20_28_04/basic_stats/Lmin_consent.contigs_GC_content_plot.pdf
Done.

NOTICE: Genes are not predicted by default. Use --gene-finding or --glimmer option to enable it.

2020-07-10 20:28:52
Creating large visual summaries...
This may take a while: press Ctrl-C to skip this step..
  1 of 2: Creating Icarus viewers...
  2 of 2: Creating PDF with all tables and plots...
Done

2020-07-10 20:28:59
RESULTS:
  Text versions of total report are saved to /usr/people/EDVZ/hahnc/temp/AMEB_2020_practical/assembly-long/Lmin_assembly/quast_results/results_2020_07_10_20_28_04/report.txt, report.tsv, and report.tex
  Text versions of transposed total report are saved to /usr/people/EDVZ/hahnc/temp/AMEB_2020_practical/assembly-long/Lmin_assembly/quast_results/results_2020_07_10_20_28_04/transposed_report.txt, transposed_report.tsv, and transposed_report.tex
  HTML version (interactive tables and plots) is saved to /usr/people/EDVZ/hahnc/temp/AMEB_2020_practical/assembly-long/Lmin_assembly/quast_results/results_2020_07_10_20_28_04/report.html
  PDF version (tables and plots) is saved to /usr/people/EDVZ/hahnc/temp/AMEB_2020_practical/assembly-long/Lmin_assembly/quast_results/results_2020_07_10_20_28_04/report.pdf
  Icarus (contig browser) is saved to /usr/people/EDVZ/hahnc/temp/AMEB_2020_practical/assembly-long/Lmin_assembly/quast_results/results_2020_07_10_20_28_04/icarus.html
  Log is saved to /usr/people/EDVZ/hahnc/temp/AMEB_2020_practical/assembly-long/Lmin_assembly/quast_results/results_2020_07_10_20_28_04/quast.log

Finished: 2020-07-10 20:28:59
Elapsed time: 0:00:55.340514
NOTICEs: 2; WARNINGs: 1; non-fatal ERRORs: 0

Thank you for using QUAST!
