Running under shell '/bin/bash' in directory '/usr/people/EDVZ/hahnc/AMEB_2020_practical/BUSCO' using 16 slots
Host: IT010151.pers.ad.uni-graz.at
Job: 329031

[Son Jul  5 21:26:25 CEST 2020] .. Starting ..

try again (1)
try again (1)
try again (1)
try again (1)
try again (1)
try again (1)
try again (1)
try again (1)
try again (1)
try again (1)
try again (2)
try again (1)
try again (2)
try again (2)
try again (1)
try again (1)
try again (2)
try again (2)
try again (2)

[Mon Jul  6 08:16:04 CEST 2020] .. Done !

